TN:
SF:scripts\clean-openapi-spec.js
FN:18,removeSuffixes
FN:25,addDefaultVersion
FN:53,cleanOperationId
FN:69,extractVersionFromOperationId
FN:89,setVersionDefault
FN:95,(anonymous_5)
FN:124,isDataType
FN:137,(anonymous_7)
FN:144,cleanTypeName
FN:163,updateTypeReferences
FN:169,(anonymous_10)
FN:311,(anonymous_11)
FNF:12
FNH:12
FNDA:314,removeSuffixes
FNDA:314,addDefaultVersion
FNDA:314,cleanOperationId
FNDA:314,extractVersionFromOperationId
FNDA:314,setVersionDefault
FNDA:254,(anonymous_5)
FNDA:1368,isDataType
FNDA:5912,(anonymous_7)
FNDA:439,cleanTypeName
FNDA:16191,updateTypeReferences
FNDA:6316,(anonymous_10)
FNDA:2,(anonymous_11)
DA:1,2
DA:2,2
DA:13,2
DA:19,314
DA:28,314
DA:29,314
DA:30,0
DA:34,314
DA:35,312
DA:39,2
DA:40,2
DA:44,0
DA:55,314
DA:56,314
DA:57,0
DA:58,0
DA:59,0
DA:63,314
DA:71,314
DA:72,314
DA:73,312
DA:77,2
DA:78,2
DA:79,2
DA:82,0
DA:90,314
DA:91,0
DA:95,314
DA:96,254
DA:99,314
DA:101,242
DA:105,242
DA:108,242
DA:109,242
DA:113,242
DA:115,242
DA:118,72
DA:126,1368
DA:137,5912
DA:147,439
DA:148,439
DA:149,0
DA:153,439
DA:154,0
DA:157,439
DA:164,16191
DA:165,5098
DA:168,11093
DA:169,6316
DA:170,2150
DA:173,8943
DA:174,23798
DA:176,962
DA:177,962
DA:178,962
DA:180,962
DA:181,258
DA:182,258
DA:183,0
DA:187,22836
DA:188,9872
DA:193,2
DA:194,2
DA:197,2
DA:199,2
DA:200,2
DA:201,2
DA:202,2
DA:203,2
DA:204,2
DA:207,2
DA:208,282
DA:209,314
DA:211,314
DA:212,314
DA:213,314
DA:216,314
DA:217,314
DA:218,0
DA:219,0
DA:223,314
DA:224,314
DA:225,0
DA:226,0
DA:230,314
DA:231,314
DA:232,0
DA:233,0
DA:236,314
DA:239,314
DA:240,314
DA:241,242
DA:242,242
DA:245,314
DA:247,314
DA:248,0
DA:255,2
DA:256,2
DA:257,2
DA:259,2
DA:260,402
DA:263,402
DA:264,178
DA:266,178
DA:267,0
DA:268,0
DA:269,0
DA:273,402
DA:276,2
DA:279,2
DA:283,2
DA:285,2
DA:286,2
DA:287,2
DA:288,2
DA:289,2
DA:290,2
DA:291,2
DA:292,2
DA:293,2
DA:296,0
DA:297,0
DA:298,0
DA:302,2
DA:312,2
DA:315,1
DA:316,0
DA:317,0
DA:319,0
DA:320,0
DA:321,0
DA:322,0
DA:323,0
DA:324,0
DA:326,0
DA:327,0
DA:328,0
DA:335,1
DA:336,1
DA:337,1
DA:339,1
DA:340,4
DA:343,4
DA:344,2
DA:345,2
DA:346,2
DA:351,4
DA:352,3
DA:353,3
DA:354,0
DA:358,4
DA:361,1
DA:362,1
DA:365,1
LF:154
LH:119
BRDA:29,0,0,0
BRDA:29,0,1,314
BRDA:34,1,0,312
BRDA:34,1,1,2
BRDA:39,2,0,2
BRDA:39,2,1,0
BRDA:56,3,0,0
BRDA:56,3,1,314
BRDA:72,4,0,312
BRDA:72,4,1,2
BRDA:78,5,0,2
BRDA:78,5,1,0
BRDA:90,6,0,0
BRDA:90,6,1,314
BRDA:90,7,0,314
BRDA:90,7,1,314
BRDA:96,8,0,254
BRDA:96,8,1,242
BRDA:99,9,0,242
BRDA:99,9,1,72
BRDA:99,10,0,314
BRDA:99,10,1,242
BRDA:108,11,0,242
BRDA:108,11,1,0
BRDA:148,12,0,0
BRDA:148,12,1,439
BRDA:153,13,0,0
BRDA:153,13,1,439
BRDA:164,14,0,5098
BRDA:164,14,1,11093
BRDA:164,15,0,16191
BRDA:164,15,1,11099
BRDA:168,16,0,2150
BRDA:168,16,1,8943
BRDA:174,17,0,962
BRDA:174,17,1,22836
BRDA:174,18,0,23798
BRDA:174,18,1,962
BRDA:177,19,0,962
BRDA:177,19,1,0
BRDA:180,20,0,258
BRDA:180,20,1,704
BRDA:182,21,0,0
BRDA:182,21,1,258
BRDA:187,22,0,9872
BRDA:187,22,1,12964
BRDA:211,23,0,314
BRDA:211,23,1,0
BRDA:217,24,0,0
BRDA:217,24,1,314
BRDA:224,25,0,0
BRDA:224,25,1,314
BRDA:231,26,0,0
BRDA:231,26,1,314
BRDA:240,27,0,242
BRDA:240,27,1,72
BRDA:240,28,0,314
BRDA:240,28,1,314
BRDA:247,29,0,0
BRDA:247,29,1,314
BRDA:255,30,0,2
BRDA:255,30,1,0
BRDA:255,31,0,2
BRDA:255,31,1,2
BRDA:263,32,0,178
BRDA:263,32,1,224
BRDA:266,33,0,0
BRDA:266,33,1,178
BRDA:319,34,0,0
BRDA:319,34,1,0
BRDA:327,35,0,0
BRDA:327,35,1,0
BRDA:335,36,0,1
BRDA:335,36,1,0
BRDA:335,37,0,1
BRDA:335,37,1,1
BRDA:343,38,0,2
BRDA:343,38,1,2
BRDA:343,39,0,4
BRDA:343,39,1,2
BRDA:345,40,0,2
BRDA:345,40,1,0
BRDA:351,41,0,3
BRDA:351,41,1,1
BRDA:353,42,0,0
BRDA:353,42,1,3
BRF:86
BRH:62
end_of_record
TN:
SF:scripts\postprocess-api.js
FN:15,extractVersionFromMethodName
FN:34,processApiFile
FN:45,(anonymous_2)
FN:68,(anonymous_3)
FNF:4
FNH:4
FNDA:126,extractVersionFromMethodName
FNDA:39,processApiFile
FNDA:121,(anonymous_2)
FNDA:1,(anonymous_3)
DA:1,1
DA:2,1
DA:3,1
DA:10,1
DA:17,126
DA:18,126
DA:19,124
DA:23,2
DA:24,2
DA:25,1
DA:28,1
DA:35,39
DA:36,39
DA:37,39
DA:43,39
DA:45,39
DA:46,121
DA:47,121
DA:48,121
DA:49,121
DA:50,121
DA:59,0
DA:66,39
DA:68,39
DA:69,1
DA:70,1
DA:71,1
DA:72,1
DA:73,1
DA:82,0
DA:85,39
DA:86,36
DA:89,39
DA:92,1
DA:93,1
DA:94,1
DA:95,1
DA:98,1
DA:99,1
DA:101,1
DA:103,1
DA:104,1
DA:105,1
DA:107,1
DA:108,1
DA:110,1
DA:111,39
DA:112,39
DA:114,39
DA:115,39
DA:116,36
DA:117,36
DA:118,36
DA:120,3
DA:124,1
DA:125,1
DA:126,1
DA:127,1
DA:128,1
DA:129,1
DA:130,1
DA:132,1
DA:133,1
DA:134,1
DA:135,1
DA:136,1
DA:137,1
DA:141,0
DA:142,0
DA:143,0
DA:147,1
LF:71
LH:66
BRDA:18,0,0,124
BRDA:18,0,1,2
BRDA:24,1,0,1
BRDA:24,1,1,1
BRDA:47,2,0,121
BRDA:47,2,1,0
BRDA:70,3,0,1
BRDA:70,3,1,0
BRDA:85,4,0,36
BRDA:85,4,1,3
BRDA:115,5,0,36
BRDA:115,5,1,3
BRDA:132,6,0,1
BRDA:132,6,1,0
BRF:14
BRH:11
end_of_record
